<?xml version="1.0" encoding="UTF-8"?>
<!-- Generated by org.testng.reporters.JUnitXMLReporter -->
<testsuite ignored="0" hostname="US-CND60820RG" failures="0" tests="1" name="Scanning for Controls" time="1.883" errors="0" timestamp="2021-02-09T15:59:04 EET">
  <testcase classname="testcases.ControlIdTest" name="@BeforeMethod beforeMethod" time="1.797">
    <failure type="org.openqa.selenium.WebDriverException" message="unknown error: cannot find Chrome binary
Build info: version: &amp;apos;unknown&amp;apos;, revision: &amp;apos;unknown&amp;apos;, time: &amp;apos;unknown&amp;apos;
System info: host: &amp;apos;US-CND60820RG&amp;apos;, ip: &amp;apos;10.218.169.146&amp;apos;, os.name: &amp;apos;Windows 10&amp;apos;, os.arch: &amp;apos;amd64&amp;apos;, os.version: &amp;apos;10.0&amp;apos;, java.version: &amp;apos;14.0.2&amp;apos;
Driver info: driver.version: ChromeDriver
remote stacktrace: Backtrace:
	Ordinal0 [0x00BC87E3+2852835]
	Ordinal0 [0x00AB5BB1+1727409]
	Ordinal0 [0x0098E4B9+517305]
	Ordinal0 [0x0091CA98+51864]
	Ordinal0 [0x0093D9F7+186871]
	Ordinal0 [0x0093D7FD+186365]
	Ordinal0 [0x0093B70B+177931]
	Ordinal0 [0x00922584+75140]
	Ordinal0 [0x00923650+79440]
	Ordinal0 [0x009235E9+79337]
	Ordinal0 [0x00ACAD5C+1813852]
	GetHandleVerifier [0x00CEC616+1075574]
	GetHandleVerifier [0x00CEC367+1074887]
	GetHandleVerifier [0x00CF7497+1120247]
	GetHandleVerifier [0x00CECC16+1077110]
	Ordinal0 [0x00AC3206+1782278]
	Ordinal0 [0x00ACC3BB+1819579]
	Ordinal0 [0x00ACC523+1819939]
	Ordinal0 [0x00AE2B45+1911621]
	BaseThreadInitThunk [0x77726359+25]
	RtlGetAppContainerNamedObjectPath [0x77C98944+228]
	RtlGetAppContainerNamedObjectPath [0x77C98914+180]
">
      <![CDATA[org.openqa.selenium.WebDriverException: unknown error: cannot find Chrome binary
Build info: version: 'unknown', revision: 'unknown', time: 'unknown'
System info: host: 'US-CND60820RG', ip: '10.218.169.146', os.name: 'Windows 10', os.arch: 'amd64', os.version: '10.0', java.version: '14.0.2'
Driver info: driver.version: ChromeDriver
remote stacktrace: Backtrace:
Ordinal0 [0x00BC87E3+2852835]
Ordinal0 [0x00AB5BB1+1727409]
Ordinal0 [0x0098E4B9+517305]
Ordinal0 [0x0091CA98+51864]
Ordinal0 [0x0093D9F7+186871]
Ordinal0 [0x0093D7FD+186365]
Ordinal0 [0x0093B70B+177931]
Ordinal0 [0x00922584+75140]
Ordinal0 [0x00923650+79440]
Ordinal0 [0x009235E9+79337]
Ordinal0 [0x00ACAD5C+1813852]
GetHandleVerifier [0x00CEC616+1075574]
GetHandleVerifier [0x00CEC367+1074887]
GetHandleVerifier [0x00CF7497+1120247]
GetHandleVerifier [0x00CECC16+1077110]
Ordinal0 [0x00AC3206+1782278]
Ordinal0 [0x00ACC3BB+1819579]
Ordinal0 [0x00ACC523+1819939]
Ordinal0 [0x00AE2B45+1911621]
BaseThreadInitThunk [0x77726359+25]
RtlGetAppContainerNamedObjectPath [0x77C98944+228]
RtlGetAppContainerNamedObjectPath [0x77C98914+180]

at org.openqa.selenium.remote.W3CHandshakeResponse.lambda$errorHandler$0(W3CHandshakeResponse.java:62)
at org.openqa.selenium.remote.HandshakeResponse.lambda$getResponseFunction$0(HandshakeResponse.java:30)
at org.openqa.selenium.remote.ProtocolHandshake.lambda$createSession$0(ProtocolHandshake.java:126)
at java.base/java.util.stream.ReferencePipeline$3$1.accept(ReferencePipeline.java:195)
at java.base/java.util.Spliterators$ArraySpliterator.tryAdvance(Spliterators.java:958)
at java.base/java.util.stream.ReferencePipeline.forEachWithCancel(ReferencePipeline.java:127)
at java.base/java.util.stream.AbstractPipeline.copyIntoWithCancel(AbstractPipeline.java:502)
at java.base/java.util.stream.AbstractPipeline.copyInto(AbstractPipeline.java:488)
at java.base/java.util.stream.AbstractPipeline.wrapAndCopyInto(AbstractPipeline.java:474)
at java.base/java.util.stream.FindOps$FindOp.evaluateSequential(FindOps.java:150)
at java.base/java.util.stream.AbstractPipeline.evaluate(AbstractPipeline.java:234)
at java.base/java.util.stream.ReferencePipeline.findFirst(ReferencePipeline.java:543)
at org.openqa.selenium.remote.ProtocolHandshake.createSession(ProtocolHandshake.java:128)
at org.openqa.selenium.remote.ProtocolHandshake.createSession(ProtocolHandshake.java:74)
at org.openqa.selenium.remote.HttpCommandExecutor.execute(HttpCommandExecutor.java:136)
at org.openqa.selenium.remote.service.DriverCommandExecutor.execute(DriverCommandExecutor.java:83)
at org.openqa.selenium.remote.RemoteWebDriver.execute(RemoteWebDriver.java:552)
at org.openqa.selenium.remote.RemoteWebDriver.startSession(RemoteWebDriver.java:213)
at org.openqa.selenium.remote.RemoteWebDriver.<init>(RemoteWebDriver.java:131)
at org.openqa.selenium.chrome.ChromeDriver.<init>(ChromeDriver.java:181)
at org.openqa.selenium.chrome.ChromeDriver.<init>(ChromeDriver.java:168)
at org.openqa.selenium.chrome.ChromeDriver.<init>(ChromeDriver.java:157)
at base.TestBase.OpenBrowser(TestBase.java:50)
at testcases.ControlIdTest.beforeMethod(ControlIdTest.java:20)
at java.base/java.util.ArrayList.forEach(ArrayList.java:1511)
at testcases.Run.main(Run.java:18)
at org.eclipse.jdt.internal.jarinjarloader.JarRsrcLoader.main(JarRsrcLoader.java:61)
... Removed 37 stack frames]]>
    </failure>
  </testcase> <!-- @BeforeMethod beforeMethod -->
  <testcase classname="testcases.ControlIdTest" name="@AfterMethod afterMethod" time="-1.612879144062E9">
    <skipped/>
  </testcase> <!-- @AfterMethod afterMethod -->
  <testcase classname="testcases.ControlIdTest" name="test1" time="0.0">
    <skipped/>
  </testcase> <!-- test1 -->
</testsuite> <!-- Scanning for Controls -->
