<?xml version="1.0" encoding="UTF-8"?>
<testng-results ignored="0" total="1" passed="0" failed="0" skipped="1">
  <reporter-output>
  </reporter-output>
  <suite started-at="2021-02-09T15:59:02 EET" name="Web Controls id scanners Suite" finished-at="2021-02-09T15:59:04 EET" duration-ms="1883">
    <groups>
    </groups>
    <test started-at="2021-02-09T15:59:02 EET" name="Scanning for Controls" finished-at="2021-02-09T15:59:04 EET" duration-ms="1883">
      <class name="testcases.ControlIdTest">
        <test-method is-config="true" signature="beforeMethod()[pri:0, instance:testcases.ControlIdTest@149494d8]" started-at="2021-02-09T15:59:02 EET" name="beforeMethod" finished-at="2021-02-09T15:59:04 EET" duration-ms="1797" status="FAIL">
          <exception class="org.openqa.selenium.WebDriverException">
            <message>
              <![CDATA[unknown error: cannot find Chrome binary
Build info: version: 'unknown', revision: 'unknown', time: 'unknown'
System info: host: 'US-CND60820RG', ip: '10.218.169.146', os.name: 'Windows 10', os.arch: 'amd64', os.version: '10.0', java.version: '14.0.2'
Driver info: driver.version: ChromeDriver
remote stacktrace: Backtrace:
Ordinal0 [0x00BC87E3+2852835]
Ordinal0 [0x00AB5BB1+1727409]
Ordinal0 [0x0098E4B9+517305]
Ordinal0 [0x0091CA98+51864]
Ordinal0 [0x0093D9F7+186871]
Ordinal0 [0x0093D7FD+186365]
Ordinal0 [0x0093B70B+177931]
Ordinal0 [0x00922584+75140]
Ordinal0 [0x00923650+79440]
Ordinal0 [0x009235E9+79337]
Ordinal0 [0x00ACAD5C+1813852]
GetHandleVerifier [0x00CEC616+1075574]
GetHandleVerifier [0x00CEC367+1074887]
GetHandleVerifier [0x00CF7497+1120247]
GetHandleVerifier [0x00CECC16+1077110]
Ordinal0 [0x00AC3206+1782278]
Ordinal0 [0x00ACC3BB+1819579]
Ordinal0 [0x00ACC523+1819939]
Ordinal0 [0x00AE2B45+1911621]
BaseThreadInitThunk [0x77726359+25]
RtlGetAppContainerNamedObjectPath [0x77C98944+228]
RtlGetAppContainerNamedObjectPath [0x77C98914+180]
]]>
            </message>
            <full-stacktrace>
              <![CDATA[org.openqa.selenium.WebDriverException: unknown error: cannot find Chrome binary
Build info: version: 'unknown', revision: 'unknown', time: 'unknown'
System info: host: 'US-CND60820RG', ip: '10.218.169.146', os.name: 'Windows 10', os.arch: 'amd64', os.version: '10.0', java.version: '14.0.2'
Driver info: driver.version: ChromeDriver
remote stacktrace: Backtrace:
Ordinal0 [0x00BC87E3+2852835]
Ordinal0 [0x00AB5BB1+1727409]
Ordinal0 [0x0098E4B9+517305]
Ordinal0 [0x0091CA98+51864]
Ordinal0 [0x0093D9F7+186871]
Ordinal0 [0x0093D7FD+186365]
Ordinal0 [0x0093B70B+177931]
Ordinal0 [0x00922584+75140]
Ordinal0 [0x00923650+79440]
Ordinal0 [0x009235E9+79337]
Ordinal0 [0x00ACAD5C+1813852]
GetHandleVerifier [0x00CEC616+1075574]
GetHandleVerifier [0x00CEC367+1074887]
GetHandleVerifier [0x00CF7497+1120247]
GetHandleVerifier [0x00CECC16+1077110]
Ordinal0 [0x00AC3206+1782278]
Ordinal0 [0x00ACC3BB+1819579]
Ordinal0 [0x00ACC523+1819939]
Ordinal0 [0x00AE2B45+1911621]
BaseThreadInitThunk [0x77726359+25]
RtlGetAppContainerNamedObjectPath [0x77C98944+228]
RtlGetAppContainerNamedObjectPath [0x77C98914+180]

at java.base/jdk.internal.reflect.NativeConstructorAccessorImpl.newInstance0(Native Method)
at java.base/jdk.internal.reflect.NativeConstructorAccessorImpl.newInstance(NativeConstructorAccessorImpl.java:62)
at java.base/jdk.internal.reflect.DelegatingConstructorAccessorImpl.newInstance(DelegatingConstructorAccessorImpl.java:45)
at java.base/java.lang.reflect.Constructor.newInstanceWithCaller(Constructor.java:500)
at java.base/java.lang.reflect.Constructor.newInstance(Constructor.java:481)
at org.openqa.selenium.remote.W3CHandshakeResponse.lambda$errorHandler$0(W3CHandshakeResponse.java:62)
at org.openqa.selenium.remote.HandshakeResponse.lambda$getResponseFunction$0(HandshakeResponse.java:30)
at org.openqa.selenium.remote.ProtocolHandshake.lambda$createSession$0(ProtocolHandshake.java:126)
at java.base/java.util.stream.ReferencePipeline$3$1.accept(ReferencePipeline.java:195)
at java.base/java.util.Spliterators$ArraySpliterator.tryAdvance(Spliterators.java:958)
at java.base/java.util.stream.ReferencePipeline.forEachWithCancel(ReferencePipeline.java:127)
at java.base/java.util.stream.AbstractPipeline.copyIntoWithCancel(AbstractPipeline.java:502)
at java.base/java.util.stream.AbstractPipeline.copyInto(AbstractPipeline.java:488)
at java.base/java.util.stream.AbstractPipeline.wrapAndCopyInto(AbstractPipeline.java:474)
at java.base/java.util.stream.FindOps$FindOp.evaluateSequential(FindOps.java:150)
at java.base/java.util.stream.AbstractPipeline.evaluate(AbstractPipeline.java:234)
at java.base/java.util.stream.ReferencePipeline.findFirst(ReferencePipeline.java:543)
at org.openqa.selenium.remote.ProtocolHandshake.createSession(ProtocolHandshake.java:128)
at org.openqa.selenium.remote.ProtocolHandshake.createSession(ProtocolHandshake.java:74)
at org.openqa.selenium.remote.HttpCommandExecutor.execute(HttpCommandExecutor.java:136)
at org.openqa.selenium.remote.service.DriverCommandExecutor.execute(DriverCommandExecutor.java:83)
at org.openqa.selenium.remote.RemoteWebDriver.execute(RemoteWebDriver.java:552)
at org.openqa.selenium.remote.RemoteWebDriver.startSession(RemoteWebDriver.java:213)
at org.openqa.selenium.remote.RemoteWebDriver.<init>(RemoteWebDriver.java:131)
at org.openqa.selenium.chrome.ChromeDriver.<init>(ChromeDriver.java:181)
at org.openqa.selenium.chrome.ChromeDriver.<init>(ChromeDriver.java:168)
at org.openqa.selenium.chrome.ChromeDriver.<init>(ChromeDriver.java:157)
at base.TestBase.OpenBrowser(TestBase.java:50)
at testcases.ControlIdTest.beforeMethod(ControlIdTest.java:20)
at java.base/jdk.internal.reflect.NativeMethodAccessorImpl.invoke0(Native Method)
at java.base/jdk.internal.reflect.NativeMethodAccessorImpl.invoke(NativeMethodAccessorImpl.java:62)
at java.base/jdk.internal.reflect.DelegatingMethodAccessorImpl.invoke(DelegatingMethodAccessorImpl.java:43)
at java.base/java.lang.reflect.Method.invoke(Method.java:564)
at org.testng.internal.MethodInvocationHelper.invokeMethod(MethodInvocationHelper.java:132)
at org.testng.internal.MethodInvocationHelper.invokeMethodConsideringTimeout(MethodInvocationHelper.java:61)
at org.testng.internal.ConfigInvoker.invokeConfigurationMethod(ConfigInvoker.java:366)
at org.testng.internal.ConfigInvoker.invokeConfigurations(ConfigInvoker.java:320)
at org.testng.internal.TestInvoker.runConfigMethods(TestInvoker.java:701)
at org.testng.internal.TestInvoker.invokeMethod(TestInvoker.java:527)
at org.testng.internal.TestInvoker.invokeTestMethod(TestInvoker.java:174)
at org.testng.internal.MethodRunner.runInSequence(MethodRunner.java:46)
at org.testng.internal.TestInvoker$MethodInvocationAgent.invoke(TestInvoker.java:822)
at org.testng.internal.TestInvoker.invokeTestMethods(TestInvoker.java:147)
at org.testng.internal.TestMethodWorker.invokeTestMethods(TestMethodWorker.java:146)
at org.testng.internal.TestMethodWorker.run(TestMethodWorker.java:128)
at java.base/java.util.ArrayList.forEach(ArrayList.java:1511)
at org.testng.TestRunner.privateRun(TestRunner.java:764)
at org.testng.TestRunner.run(TestRunner.java:585)
at org.testng.SuiteRunner.runTest(SuiteRunner.java:384)
at org.testng.SuiteRunner.runSequentially(SuiteRunner.java:378)
at org.testng.SuiteRunner.privateRun(SuiteRunner.java:337)
at org.testng.SuiteRunner.run(SuiteRunner.java:286)
at org.testng.SuiteRunnerWorker.runSuite(SuiteRunnerWorker.java:53)
at org.testng.SuiteRunnerWorker.run(SuiteRunnerWorker.java:96)
at org.testng.TestNG.runSuitesSequentially(TestNG.java:1218)
at org.testng.TestNG.runSuitesLocally(TestNG.java:1140)
at org.testng.TestNG.runSuites(TestNG.java:1069)
at org.testng.TestNG.run(TestNG.java:1037)
at testcases.Run.main(Run.java:18)
at java.base/jdk.internal.reflect.NativeMethodAccessorImpl.invoke0(Native Method)
at java.base/jdk.internal.reflect.NativeMethodAccessorImpl.invoke(NativeMethodAccessorImpl.java:62)
at java.base/jdk.internal.reflect.DelegatingMethodAccessorImpl.invoke(DelegatingMethodAccessorImpl.java:43)
at java.base/java.lang.reflect.Method.invoke(Method.java:564)
at org.eclipse.jdt.internal.jarinjarloader.JarRsrcLoader.main(JarRsrcLoader.java:61)
]]>
            </full-stacktrace>
          </exception> <!-- org.openqa.selenium.WebDriverException -->
          <reporter-output>
          </reporter-output>
        </test-method> <!-- beforeMethod -->
        <test-method signature="test1()[pri:0, instance:testcases.ControlIdTest@149494d8]" started-at="2021-02-09T15:59:04 EET" name="test1" finished-at="2021-02-09T15:59:04 EET" duration-ms="0" status="SKIP">
          <exception class="org.openqa.selenium.WebDriverException">
            <message>
              <![CDATA[unknown error: cannot find Chrome binary
Build info: version: 'unknown', revision: 'unknown', time: 'unknown'
System info: host: 'US-CND60820RG', ip: '10.218.169.146', os.name: 'Windows 10', os.arch: 'amd64', os.version: '10.0', java.version: '14.0.2'
Driver info: driver.version: ChromeDriver
remote stacktrace: Backtrace:
Ordinal0 [0x00BC87E3+2852835]
Ordinal0 [0x00AB5BB1+1727409]
Ordinal0 [0x0098E4B9+517305]
Ordinal0 [0x0091CA98+51864]
Ordinal0 [0x0093D9F7+186871]
Ordinal0 [0x0093D7FD+186365]
Ordinal0 [0x0093B70B+177931]
Ordinal0 [0x00922584+75140]
Ordinal0 [0x00923650+79440]
Ordinal0 [0x009235E9+79337]
Ordinal0 [0x00ACAD5C+1813852]
GetHandleVerifier [0x00CEC616+1075574]
GetHandleVerifier [0x00CEC367+1074887]
GetHandleVerifier [0x00CF7497+1120247]
GetHandleVerifier [0x00CECC16+1077110]
Ordinal0 [0x00AC3206+1782278]
Ordinal0 [0x00ACC3BB+1819579]
Ordinal0 [0x00ACC523+1819939]
Ordinal0 [0x00AE2B45+1911621]
BaseThreadInitThunk [0x77726359+25]
RtlGetAppContainerNamedObjectPath [0x77C98944+228]
RtlGetAppContainerNamedObjectPath [0x77C98914+180]
]]>
            </message>
            <full-stacktrace>
              <![CDATA[org.openqa.selenium.WebDriverException: unknown error: cannot find Chrome binary
Build info: version: 'unknown', revision: 'unknown', time: 'unknown'
System info: host: 'US-CND60820RG', ip: '10.218.169.146', os.name: 'Windows 10', os.arch: 'amd64', os.version: '10.0', java.version: '14.0.2'
Driver info: driver.version: ChromeDriver
remote stacktrace: Backtrace:
Ordinal0 [0x00BC87E3+2852835]
Ordinal0 [0x00AB5BB1+1727409]
Ordinal0 [0x0098E4B9+517305]
Ordinal0 [0x0091CA98+51864]
Ordinal0 [0x0093D9F7+186871]
Ordinal0 [0x0093D7FD+186365]
Ordinal0 [0x0093B70B+177931]
Ordinal0 [0x00922584+75140]
Ordinal0 [0x00923650+79440]
Ordinal0 [0x009235E9+79337]
Ordinal0 [0x00ACAD5C+1813852]
GetHandleVerifier [0x00CEC616+1075574]
GetHandleVerifier [0x00CEC367+1074887]
GetHandleVerifier [0x00CF7497+1120247]
GetHandleVerifier [0x00CECC16+1077110]
Ordinal0 [0x00AC3206+1782278]
Ordinal0 [0x00ACC3BB+1819579]
Ordinal0 [0x00ACC523+1819939]
Ordinal0 [0x00AE2B45+1911621]
BaseThreadInitThunk [0x77726359+25]
RtlGetAppContainerNamedObjectPath [0x77C98944+228]
RtlGetAppContainerNamedObjectPath [0x77C98914+180]

at java.base/jdk.internal.reflect.NativeConstructorAccessorImpl.newInstance0(Native Method)
at java.base/jdk.internal.reflect.NativeConstructorAccessorImpl.newInstance(NativeConstructorAccessorImpl.java:62)
at java.base/jdk.internal.reflect.DelegatingConstructorAccessorImpl.newInstance(DelegatingConstructorAccessorImpl.java:45)
at java.base/java.lang.reflect.Constructor.newInstanceWithCaller(Constructor.java:500)
at java.base/java.lang.reflect.Constructor.newInstance(Constructor.java:481)
at org.openqa.selenium.remote.W3CHandshakeResponse.lambda$errorHandler$0(W3CHandshakeResponse.java:62)
at org.openqa.selenium.remote.HandshakeResponse.lambda$getResponseFunction$0(HandshakeResponse.java:30)
at org.openqa.selenium.remote.ProtocolHandshake.lambda$createSession$0(ProtocolHandshake.java:126)
at java.base/java.util.stream.ReferencePipeline$3$1.accept(ReferencePipeline.java:195)
at java.base/java.util.Spliterators$ArraySpliterator.tryAdvance(Spliterators.java:958)
at java.base/java.util.stream.ReferencePipeline.forEachWithCancel(ReferencePipeline.java:127)
at java.base/java.util.stream.AbstractPipeline.copyIntoWithCancel(AbstractPipeline.java:502)
at java.base/java.util.stream.AbstractPipeline.copyInto(AbstractPipeline.java:488)
at java.base/java.util.stream.AbstractPipeline.wrapAndCopyInto(AbstractPipeline.java:474)
at java.base/java.util.stream.FindOps$FindOp.evaluateSequential(FindOps.java:150)
at java.base/java.util.stream.AbstractPipeline.evaluate(AbstractPipeline.java:234)
at java.base/java.util.stream.ReferencePipeline.findFirst(ReferencePipeline.java:543)
at org.openqa.selenium.remote.ProtocolHandshake.createSession(ProtocolHandshake.java:128)
at org.openqa.selenium.remote.ProtocolHandshake.createSession(ProtocolHandshake.java:74)
at org.openqa.selenium.remote.HttpCommandExecutor.execute(HttpCommandExecutor.java:136)
at org.openqa.selenium.remote.service.DriverCommandExecutor.execute(DriverCommandExecutor.java:83)
at org.openqa.selenium.remote.RemoteWebDriver.execute(RemoteWebDriver.java:552)
at org.openqa.selenium.remote.RemoteWebDriver.startSession(RemoteWebDriver.java:213)
at org.openqa.selenium.remote.RemoteWebDriver.<init>(RemoteWebDriver.java:131)
at org.openqa.selenium.chrome.ChromeDriver.<init>(ChromeDriver.java:181)
at org.openqa.selenium.chrome.ChromeDriver.<init>(ChromeDriver.java:168)
at org.openqa.selenium.chrome.ChromeDriver.<init>(ChromeDriver.java:157)
at base.TestBase.OpenBrowser(TestBase.java:50)
at testcases.ControlIdTest.beforeMethod(ControlIdTest.java:20)
at java.base/jdk.internal.reflect.NativeMethodAccessorImpl.invoke0(Native Method)
at java.base/jdk.internal.reflect.NativeMethodAccessorImpl.invoke(NativeMethodAccessorImpl.java:62)
at java.base/jdk.internal.reflect.DelegatingMethodAccessorImpl.invoke(DelegatingMethodAccessorImpl.java:43)
at java.base/java.lang.reflect.Method.invoke(Method.java:564)
at org.testng.internal.MethodInvocationHelper.invokeMethod(MethodInvocationHelper.java:132)
at org.testng.internal.MethodInvocationHelper.invokeMethodConsideringTimeout(MethodInvocationHelper.java:61)
at org.testng.internal.ConfigInvoker.invokeConfigurationMethod(ConfigInvoker.java:366)
at org.testng.internal.ConfigInvoker.invokeConfigurations(ConfigInvoker.java:320)
at org.testng.internal.TestInvoker.runConfigMethods(TestInvoker.java:701)
at org.testng.internal.TestInvoker.invokeMethod(TestInvoker.java:527)
at org.testng.internal.TestInvoker.invokeTestMethod(TestInvoker.java:174)
at org.testng.internal.MethodRunner.runInSequence(MethodRunner.java:46)
at org.testng.internal.TestInvoker$MethodInvocationAgent.invoke(TestInvoker.java:822)
at org.testng.internal.TestInvoker.invokeTestMethods(TestInvoker.java:147)
at org.testng.internal.TestMethodWorker.invokeTestMethods(TestMethodWorker.java:146)
at org.testng.internal.TestMethodWorker.run(TestMethodWorker.java:128)
at java.base/java.util.ArrayList.forEach(ArrayList.java:1511)
at org.testng.TestRunner.privateRun(TestRunner.java:764)
at org.testng.TestRunner.run(TestRunner.java:585)
at org.testng.SuiteRunner.runTest(SuiteRunner.java:384)
at org.testng.SuiteRunner.runSequentially(SuiteRunner.java:378)
at org.testng.SuiteRunner.privateRun(SuiteRunner.java:337)
at org.testng.SuiteRunner.run(SuiteRunner.java:286)
at org.testng.SuiteRunnerWorker.runSuite(SuiteRunnerWorker.java:53)
at org.testng.SuiteRunnerWorker.run(SuiteRunnerWorker.java:96)
at org.testng.TestNG.runSuitesSequentially(TestNG.java:1218)
at org.testng.TestNG.runSuitesLocally(TestNG.java:1140)
at org.testng.TestNG.runSuites(TestNG.java:1069)
at org.testng.TestNG.run(TestNG.java:1037)
at testcases.Run.main(Run.java:18)
at java.base/jdk.internal.reflect.NativeMethodAccessorImpl.invoke0(Native Method)
at java.base/jdk.internal.reflect.NativeMethodAccessorImpl.invoke(NativeMethodAccessorImpl.java:62)
at java.base/jdk.internal.reflect.DelegatingMethodAccessorImpl.invoke(DelegatingMethodAccessorImpl.java:43)
at java.base/java.lang.reflect.Method.invoke(Method.java:564)
at org.eclipse.jdt.internal.jarinjarloader.JarRsrcLoader.main(JarRsrcLoader.java:61)
]]>
            </full-stacktrace>
          </exception> <!-- org.openqa.selenium.WebDriverException -->
          <reporter-output>
          </reporter-output>
        </test-method> <!-- test1 -->
        <test-method is-config="true" signature="afterMethod()[pri:0, instance:testcases.ControlIdTest@149494d8]" started-at="2021-02-09T15:59:04 EET" name="afterMethod" finished-at="1970-01-01T02:00:00 EET" duration-ms="-1612879144062" status="SKIP">
          <reporter-output>
          </reporter-output>
        </test-method> <!-- afterMethod -->
      </class> <!-- testcases.ControlIdTest -->
    </test> <!-- Scanning for Controls -->
  </suite> <!-- Web Controls id scanners Suite -->
</testng-results>
